Experiment settings: Parsing experiment settings
> Hardware details: 
> Environment variables: 
/home/ubuntu/.local/src/Distributed-DCGAN/experiments/ativ-8-exp-1/scripts/log.sh: line 26: warning: command substitution: ignored null byte in input
>    OMPI_MCA_orte_app_num=0
>    SHELL=/bin/bash
>    OMPI_MCA_orte_parent_uri=3767992320.0;tcp://172.31.72.195,172.17.0.1:57255
>    OMPI_MCA_orte_precondition_transports=8e8b82d4325b3db5-c36d5293b1ed56df
>    OMPI_MCA_shmem_RUNTIME_QUERY_hint=mmap
>    OMPI_UNIVERSE_SIZE=2
>    PMIX_MCA_mca_base_component_show_load_errors=1
>    OMPI_MCA_ess_base_num_procs=2
>    PMIX_HOSTNAME=ip-172-31-78-221
>    OMPI_COMM_WORLD_NODE_RANK=0
>    OMPI_MCA_ess_base_vpid=1
>    PMIX_SECURITY_MODE=native
>    OMPI_MCA_orte_hnp_uri=3767992320.0;tcp://172.31.72.195,172.17.0.1:57255
>    LC_ADDRESS=en_US.UTF-8
>    LC_NAME=en_US.UTF-8
>    OMPI_COMM_WORLD_LOCAL_RANK=0
>    LC_MONETARY=en_US.UTF-8
>    HFI_NO_BACKTRACE=1
>    PMIX_GDS_MODULE=ds21,ds12,hash
>    PWD=/home/ubuntu/.local/src/Distributed-DCGAN/experiments/ativ-8-exp-1/bin
>    OMPI_MCA_orte_local_daemon_uri=3767992320.1;tcp://172.31.78.221,172.17.0.1:51469
>    LOGNAME=ubuntu
>    XDG_SESSION_TYPE=tty
>    PMIX_SYSTEM_TMPDIR=/tmp
>    PMIX_BFROP_BUFFER_TYPE=PMIX_BFROP_BUFFER_NON_DESC
>    OMPI_ARGV=-m=172.31.72.195
>    -n=2
>    OMPI_MCA_orte_node_regex=ip-[3:172]-31-72-195,[3:172].31.78.221@0(2)
>    MOTD_SHOWN=pam
>    PMIX_PTL_MODULE=tcp,usock
>    HOME=/home/ubuntu
>    OMPI_NUM_APP_CTX=1
>    LANG=C.UTF-8
>    LC_PAPER=en_US.UTF-8
>    PMIX_DSTORE_21_BASE_PATH=/tmp/ompi.ip-172-31-78-221.1000/jf.57495/pmix_dstor_ds21_23983
>    OMPI_MCA_orte_num_nodes=2
>    PMIX_VERSION=3.1.5
>    OMPI_MCA_orte_tmpdir_base=/tmp
>    SSH_CONNECTION=172.31.72.195
>    38568
>    172.31.78.221
>    22
>    PMIX_RANK=1
>    PMIX_SERVER_URI2=3767992320.1;tcp4://127.0.0.1:46349
>    PMIX_SERVER_URI3=3767992320.1;tcp4://127.0.0.1:46349
>    OMPI_MCA_initial_wdir=/home/ubuntu/.local/src/Distributed-DCGAN/experiments/ativ-8-exp-1/bin
>    OMPI_FIRST_RANKS=0
>    OMPI_MCA_mpi_oversubscribe=0
>    OMPI_MCA_orte_jobfam_session_dir=/tmp/ompi.ip-172-31-78-221.1000/jf.57495
>    XDG_SESSION_CLASS=user
>    PMIX_SERVER_URI21=3767992320.1;tcp4://127.0.0.1:46349
>    LC_IDENTIFICATION=en_US.UTF-8
>    PMIX_DSTORE_ESH_BASE_PATH=/tmp/ompi.ip-172-31-78-221.1000/jf.57495/pmix_dstor_ds12_23983
>    USER=ubuntu
>    OMPI_MCA_plm=rsh
>    OMPI_MCA_orte_ess_num_procs=2
>    OMPI_FILE_LOCATION=/tmp/ompi.ip-172-31-78-221.1000/jf.57495/0/1
>    OMPI_COMM_WORLD_SIZE=2
>    OMPI_MCA_orte_ess_node_rank=0
>    SHLVL=0
>    LC_TELEPHONE=en_US.UTF-8
>    PMIX_ID=3767992321.1
>    LC_MEASUREMENT=en_US.UTF-8
>    OMPI_COMM_WORLD_LOCAL_SIZE=1
>    XDG_SESSION_ID=12
>    PMIX_SERVER_TMPDIR=/tmp/ompi.ip-172-31-78-221.1000/jf.57495
>    OMPI_COMMAND=launch-node
>    XDG_RUNTIME_DIR=/run/user/1000
>    OMPI_MCA_ess=^singleton
>    SSH_CLIENT=172.31.72.195
>    38568
>    22
>    OMPI_MCA_routed=radix
>    LC_TIME=en_US.UTF-8
>    PMIX_NAMESPACE=3767992321
>    PATH=/usr/local/sbin:/usr/local/bin:/usr/sbin:/usr/bin:/sbin:/bin:/usr/games:/usr/local/games:/snap/bin
>    OMPI_MCA_pmix=^s1,s2,cray,isolated
>    DBUS_SESSION_BUS_ADDRESS=unix:path=/run/user/1000/bus
>    OMPI_MCA_ess_base_jobid=3767992321
>    OMPI_MCA_orte_bound_at_launch=1
>    OMPI_APP_CTX_NUM_PROCS=2
>    IPATH_NO_BACKTRACE=1
>    OMPI_MCA_orte_top_session_dir=/tmp/ompi.ip-172-31-78-221.1000
>    LC_NUMERIC=en_US.UTF-8
>    OMPI_MCA_orte_launch=1
>    OMPI_COMM_WORLD_RANK=1
>    _=/usr/bin/env
> Git HEAD revision: bfff4ed3c845bee6764632444a1caac336434764
DCGAN: Launching DCGAN. Results will being saved in /home/ubuntu/.local/src/Distributed-DCGAN/experiments/ativ-8-exp-1/GAN.out
DCGAN: Finished executing
