Namespace(batch_size=32, beta1=0.5, cuda=False, dataroot='./cifar10', dataset='cifar10', image_size=64, learning_rate=0.0002, local_rank=0, max_workers=4, ndf=64, ngf=64, num_epochs=1, nz=100, out_folder='.', seed=0)
Using seed: 0
Using GPU: False
Rank: 2. World Size: 4
Dataset cifar10 loaded
Rank: 2, Epoch: 0, Training ...
[epoch: 0/1][iteration: 0/391][rank: 2] Loss_D: 1.4911, Loss_G: 4.2139, D(x): 0.5646, D(G(z)): 0.5917 / 0.0155, iteration time: 3.4144s
Iteration time: 3.414403200149536
[epoch: 0/1][iteration: 1/391][rank: 2] Loss_D: 1.0250, Loss_G: 3.4009, D(x): 0.5548, D(G(z)): 0.3035 / 0.0344, iteration time: 2.5091s
Iteration time: 2.5090582370758057
[epoch: 0/1][iteration: 2/391][rank: 2] Loss_D: 0.7436, Loss_G: 4.2995, D(x): 0.7668, D(G(z)): 0.3664 / 0.0139, iteration time: 2.4585s
Iteration time: 2.4585039615631104
[epoch: 0/1][iteration: 3/391][rank: 2] Loss_D: 0.6755, Loss_G: 4.7887, D(x): 0.7364, D(G(z)): 0.2765 / 0.0087, iteration time: 2.4492s
Iteration time: 2.449157238006592
[epoch: 0/1][iteration: 4/391][rank: 2] Loss_D: 0.6800, Loss_G: 5.1987, D(x): 0.7448, D(G(z)): 0.2540 / 0.0058, iteration time: 2.4418s
Iteration time: 2.441847085952759
[epoch: 0/1][iteration: 5/391][rank: 2] Loss_D: 0.6220, Loss_G: 6.1039, D(x): 0.7837, D(G(z)): 0.2834 / 0.0023, iteration time: 2.4317s
Iteration time: 2.431671380996704
[epoch: 0/1][iteration: 6/391][rank: 2] Loss_D: 0.4425, Loss_G: 6.3877, D(x): 0.8197, D(G(z)): 0.1946 / 0.0019, iteration time: 2.7515s
Iteration time: 2.751495122909546
[epoch: 0/1][iteration: 7/391][rank: 2] Loss_D: 0.5276, Loss_G: 7.2379, D(x): 0.8126, D(G(z)): 0.2476 / 0.0008, iteration time: 2.7603s
Iteration time: 2.760348320007324
[epoch: 0/1][iteration: 8/391][rank: 2] Loss_D: 0.3795, Loss_G: 6.9587, D(x): 0.8161, D(G(z)): 0.1371 / 0.0010, iteration time: 2.4169s
Iteration time: 2.416938543319702
[epoch: 0/1][iteration: 9/391][rank: 2] Loss_D: 0.4930, Loss_G: 9.2536, D(x): 0.8846, D(G(z)): 0.2958 / 0.0001, iteration time: 2.4453s
Iteration time: 2.445343017578125
[epoch: 0/1][iteration: 10/391][rank: 2] Loss_D: 0.1729, Loss_G: 7.0917, D(x): 0.8737, D(G(z)): 0.0169 / 0.0010, iteration time: 2.4220s
Iteration time: 2.421977996826172
[epoch: 0/1][iteration: 11/391][rank: 2] Loss_D: 0.6681, Loss_G: 10.6897, D(x): 0.9346, D(G(z)): 0.4371 / 0.0000, iteration time: 2.4283s
Iteration time: 2.4282591342926025
[epoch: 0/1][iteration: 12/391][rank: 2] Loss_D: 0.2871, Loss_G: 9.1503, D(x): 0.7822, D(G(z)): 0.0049 / 0.0001, iteration time: 2.4423s
Iteration time: 2.442295789718628
[epoch: 0/1][iteration: 13/391][rank: 2] Loss_D: 0.3016, Loss_G: 9.2566, D(x): 0.9251, D(G(z)): 0.1893 / 0.0001, iteration time: 2.4365s
Iteration time: 2.436488628387451
[epoch: 0/1][iteration: 14/391][rank: 2] Loss_D: 0.1641, Loss_G: 8.6774, D(x): 0.9158, D(G(z)): 0.0662 / 0.0002, iteration time: 2.5215s
Iteration time: 2.521476984024048
[epoch: 0/1][iteration: 15/391][rank: 2] Loss_D: 0.3597, Loss_G: 11.8323, D(x): 0.9310, D(G(z)): 0.2424 / 0.0000, iteration time: 2.4509s
Iteration time: 2.4508841037750244
[epoch: 0/1][iteration: 16/391][rank: 2] Loss_D: 0.1960, Loss_G: 10.4229, D(x): 0.8348, D(G(z)): 0.0010 / 0.0000, iteration time: 2.4384s
Iteration time: 2.438363552093506
[epoch: 0/1][iteration: 17/391][rank: 2] Loss_D: 0.0749, Loss_G: 6.3390, D(x): 0.9522, D(G(z)): 0.0239 / 0.0020, iteration time: 2.4169s
Iteration time: 2.4169185161590576
[epoch: 0/1][iteration: 18/391][rank: 2] Loss_D: 2.1792, Loss_G: 14.3206, D(x): 0.9674, D(G(z)): 0.8701 / 0.0000, iteration time: 2.4094s
Iteration time: 2.4094417095184326
[epoch: 0/1][iteration: 19/391][rank: 2] Loss_D: 0.3843, Loss_G: 15.0806, D(x): 0.7360, D(G(z)): 0.0000 / 0.0000, iteration time: 2.4163s
Iteration time: 2.416328191757202
[epoch: 0/1][iteration: 20/391][rank: 2] Loss_D: 0.0986, Loss_G: 14.2349, D(x): 0.9120, D(G(z)): 0.0000 / 0.0000, iteration time: 2.4544s
Iteration time: 2.4543962478637695
[rank: 2] Epoch 0 took: 53.6721 seconds
