Namespace(batch_size=32, beta1=0.5, cuda=False, dataroot='./cifar10', dataset='cifar10', image_size=64, learning_rate=0.0002, local_rank=0, max_workers=4, ndf=64, ngf=64, num_epochs=1, nz=100, out_folder='.', seed=0)
Using seed: 0
Using GPU: False
Rank: 3. World Size: 4
Dataset cifar10 loaded
Rank: 3, Epoch: 0, Training ...
[epoch: 0/1][iteration: 0/391][rank: 3] Loss_D: 1.4731, Loss_G: 4.2139, D(x): 0.5759, D(G(z)): 0.5917 / 0.0155, iteration time: 3.2522s
Iteration time: 3.252209424972534
[epoch: 0/1][iteration: 1/391][rank: 3] Loss_D: 0.9494, Loss_G: 3.4009, D(x): 0.5819, D(G(z)): 0.3035 / 0.0344, iteration time: 2.5143s
Iteration time: 2.5143380165100098
[epoch: 0/1][iteration: 2/391][rank: 3] Loss_D: 0.8277, Loss_G: 4.2995, D(x): 0.7114, D(G(z)): 0.3664 / 0.0139, iteration time: 2.4616s
Iteration time: 2.4615864753723145
[epoch: 0/1][iteration: 3/391][rank: 3] Loss_D: 0.6158, Loss_G: 4.7887, D(x): 0.7687, D(G(z)): 0.2765 / 0.0087, iteration time: 2.4390s
Iteration time: 2.439049482345581
[epoch: 0/1][iteration: 4/391][rank: 3] Loss_D: 0.6766, Loss_G: 5.1987, D(x): 0.7330, D(G(z)): 0.2540 / 0.0058, iteration time: 2.4470s
Iteration time: 2.44695782661438
[epoch: 0/1][iteration: 5/391][rank: 3] Loss_D: 0.5130, Loss_G: 6.1039, D(x): 0.8485, D(G(z)): 0.2834 / 0.0023, iteration time: 2.4377s
Iteration time: 2.437681198120117
[epoch: 0/1][iteration: 6/391][rank: 3] Loss_D: 0.3829, Loss_G: 6.3877, D(x): 0.8581, D(G(z)): 0.1946 / 0.0019, iteration time: 2.7446s
Iteration time: 2.7446138858795166
[epoch: 0/1][iteration: 7/391][rank: 3] Loss_D: 0.4996, Loss_G: 7.2379, D(x): 0.8372, D(G(z)): 0.2476 / 0.0008, iteration time: 2.7667s
Iteration time: 2.766658067703247
[epoch: 0/1][iteration: 8/391][rank: 3] Loss_D: 0.2817, Loss_G: 6.9587, D(x): 0.8865, D(G(z)): 0.1371 / 0.0010, iteration time: 2.4185s
Iteration time: 2.4184658527374268
[epoch: 0/1][iteration: 9/391][rank: 3] Loss_D: 0.5558, Loss_G: 9.2536, D(x): 0.8486, D(G(z)): 0.2958 / 0.0001, iteration time: 2.4517s
Iteration time: 2.4517409801483154
[epoch: 0/1][iteration: 10/391][rank: 3] Loss_D: 0.4750, Loss_G: 7.0917, D(x): 0.7189, D(G(z)): 0.0169 / 0.0010, iteration time: 2.4171s
Iteration time: 2.417111873626709
[epoch: 0/1][iteration: 11/391][rank: 3] Loss_D: 0.7299, Loss_G: 10.6897, D(x): 0.8830, D(G(z)): 0.4371 / 0.0000, iteration time: 2.4190s
Iteration time: 2.419001340866089
[epoch: 0/1][iteration: 12/391][rank: 3] Loss_D: 0.2125, Loss_G: 9.1503, D(x): 0.8393, D(G(z)): 0.0049 / 0.0001, iteration time: 2.4452s
Iteration time: 2.445246934890747
[epoch: 0/1][iteration: 13/391][rank: 3] Loss_D: 0.3168, Loss_G: 9.2566, D(x): 0.9165, D(G(z)): 0.1893 / 0.0001, iteration time: 2.4342s
Iteration time: 2.434164047241211
[epoch: 0/1][iteration: 14/391][rank: 3] Loss_D: 0.1655, Loss_G: 8.6774, D(x): 0.9216, D(G(z)): 0.0662 / 0.0002, iteration time: 2.5086s
Iteration time: 2.508641004562378
[epoch: 0/1][iteration: 15/391][rank: 3] Loss_D: 0.3532, Loss_G: 11.8323, D(x): 0.9369, D(G(z)): 0.2424 / 0.0000, iteration time: 2.4673s
Iteration time: 2.4673011302948
[epoch: 0/1][iteration: 16/391][rank: 3] Loss_D: 0.2092, Loss_G: 10.4229, D(x): 0.8518, D(G(z)): 0.0010 / 0.0000, iteration time: 2.4438s
Iteration time: 2.4437520503997803
[epoch: 0/1][iteration: 17/391][rank: 3] Loss_D: 0.0579, Loss_G: 6.3390, D(x): 0.9674, D(G(z)): 0.0239 / 0.0020, iteration time: 2.4129s
Iteration time: 2.4129250049591064
[epoch: 0/1][iteration: 18/391][rank: 3] Loss_D: 2.1684, Loss_G: 14.3206, D(x): 0.9774, D(G(z)): 0.8701 / 0.0000, iteration time: 2.4118s
Iteration time: 2.4118130207061768
[epoch: 0/1][iteration: 19/391][rank: 3] Loss_D: 0.5043, Loss_G: 15.0806, D(x): 0.7357, D(G(z)): 0.0000 / 0.0000, iteration time: 2.4128s
Iteration time: 2.4128124713897705
[epoch: 0/1][iteration: 20/391][rank: 3] Loss_D: 0.2517, Loss_G: 14.2349, D(x): 0.7957, D(G(z)): 0.0000 / 0.0000, iteration time: 2.4530s
Iteration time: 2.453035593032837
[rank: 3] Epoch 0 took: 53.6778 seconds
