Experiment settings: Parsing experiment settings
> Hardware details: 
> Environment variables: 
/home/ubuntu/.local/src/Distributed-DCGAN/experiments/ativ-8-exp-1/scripts/log.sh: line 26: warning: command substitution: ignored null byte in input
>    OMPI_MCA_orte_app_num=0
>    SHELL=/bin/bash
>    OMPI_MCA_orte_parent_uri=2551840768.0;tcp://172.31.76.36,172.17.0.1:44253
>    OMPI_MCA_orte_precondition_transports=8a1f2a222c028e36-150b869f9f23a7c4
>    OMPI_MCA_shmem_RUNTIME_QUERY_hint=mmap
>    OMPI_UNIVERSE_SIZE=4
>    PMIX_MCA_mca_base_component_show_load_errors=1
>    OMPI_MCA_ess_base_num_procs=4
>    PMIX_HOSTNAME=ip-172-31-78-181
>    OMPI_COMM_WORLD_NODE_RANK=0
>    OMPI_MCA_ess_base_vpid=3
>    PMIX_SECURITY_MODE=native
>    OMPI_MCA_orte_hnp_uri=2551840768.0;tcp://172.31.76.36,172.17.0.1:44253
>    LC_ADDRESS=en_US.UTF-8
>    LC_NAME=en_US.UTF-8
>    OMPI_COMM_WORLD_LOCAL_RANK=0
>    LC_MONETARY=en_US.UTF-8
>    HFI_NO_BACKTRACE=1
>    PMIX_GDS_MODULE=ds21,ds12,hash
>    PWD=/home/ubuntu/.local/src/Distributed-DCGAN/experiments/ativ-8-exp-1/bin
>    OMPI_MCA_orte_local_daemon_uri=2551840768.3;tcp://172.31.78.181,172.17.0.1:47651
>    LOGNAME=ubuntu
>    XDG_SESSION_TYPE=tty
>    PMIX_SYSTEM_TMPDIR=/tmp
>    PMIX_BFROP_BUFFER_TYPE=PMIX_BFROP_BUFFER_NON_DESC
>    OMPI_ARGV=-m=172.31.76.36
>    -n=4
>    OMPI_MCA_orte_node_regex=ip-[3:172]-31-76-36,[3:172].31.73.248,[3:172].31.75.61,[3:172].31.78.181@0(4)
>    MOTD_SHOWN=pam
>    PMIX_PTL_MODULE=tcp,usock
>    HOME=/home/ubuntu
>    OMPI_NUM_APP_CTX=1
>    LANG=C.UTF-8
>    LC_PAPER=en_US.UTF-8
>    PMIX_DSTORE_21_BASE_PATH=/tmp/ompi.ip-172-31-78-181.1000/jf.38938/pmix_dstor_ds21_23563
>    OMPI_MCA_orte_num_nodes=4
>    PMIX_VERSION=3.1.5
>    OMPI_MCA_orte_tmpdir_base=/tmp
>    SSH_CONNECTION=172.31.76.36
>    51522
>    172.31.78.181
>    22
>    PMIX_RANK=3
>    PMIX_SERVER_URI2=2551840768.3;tcp4://127.0.0.1:51039
>    PMIX_SERVER_URI3=2551840768.3;tcp4://127.0.0.1:51039
>    OMPI_MCA_initial_wdir=/home/ubuntu/.local/src/Distributed-DCGAN/experiments/ativ-8-exp-1/bin
>    OMPI_FIRST_RANKS=0
>    OMPI_MCA_mpi_oversubscribe=0
>    OMPI_MCA_orte_jobfam_session_dir=/tmp/ompi.ip-172-31-78-181.1000/jf.38938
>    XDG_SESSION_CLASS=user
>    PMIX_SERVER_URI21=2551840768.3;tcp4://127.0.0.1:51039
>    LC_IDENTIFICATION=en_US.UTF-8
>    PMIX_DSTORE_ESH_BASE_PATH=/tmp/ompi.ip-172-31-78-181.1000/jf.38938/pmix_dstor_ds12_23563
>    USER=ubuntu
>    OMPI_MCA_plm=rsh
>    OMPI_MCA_orte_ess_num_procs=4
>    OMPI_FILE_LOCATION=/tmp/ompi.ip-172-31-78-181.1000/jf.38938/0/3
>    OMPI_COMM_WORLD_SIZE=4
>    OMPI_MCA_orte_ess_node_rank=0
>    SHLVL=0
>    LC_TELEPHONE=en_US.UTF-8
>    PMIX_ID=2551840769.3
>    LC_MEASUREMENT=en_US.UTF-8
>    OMPI_COMM_WORLD_LOCAL_SIZE=1
>    XDG_SESSION_ID=7
>    PMIX_SERVER_TMPDIR=/tmp/ompi.ip-172-31-78-181.1000/jf.38938
>    OMPI_COMMAND=launch-node
>    XDG_RUNTIME_DIR=/run/user/1000
>    OMPI_MCA_ess=^singleton
>    SSH_CLIENT=172.31.76.36
>    51522
>    22
>    OMPI_MCA_routed=radix
>    LC_TIME=en_US.UTF-8
>    PMIX_NAMESPACE=2551840769
>    PATH=/usr/local/sbin:/usr/local/bin:/usr/sbin:/usr/bin:/sbin:/bin:/usr/games:/usr/local/games:/snap/bin
>    OMPI_MCA_pmix=^s1,s2,cray,isolated
>    DBUS_SESSION_BUS_ADDRESS=unix:path=/run/user/1000/bus
>    OMPI_MCA_ess_base_jobid=2551840769
>    OMPI_MCA_orte_bound_at_launch=1
>    OMPI_APP_CTX_NUM_PROCS=4
>    IPATH_NO_BACKTRACE=1
>    OMPI_MCA_orte_top_session_dir=/tmp/ompi.ip-172-31-78-181.1000
>    LC_NUMERIC=en_US.UTF-8
>    OMPI_MCA_orte_launch=1
>    OMPI_COMM_WORLD_RANK=3
>    _=/usr/bin/env
> Git HEAD revision: 4fdb7744ca1787196a089bcf7fa02e4603004009
DCGAN: Launching DCGAN. Results will being saved in /home/ubuntu/.local/src/Distributed-DCGAN/experiments/ativ-8-exp-1/GAN.out
DCGAN: Finished executing
