Namespace(batch_size=32, beta1=0.5, cuda=False, dataroot='./cifar10', dataset='cifar10', image_size=64, learning_rate=0.0002, local_rank=0, max_workers=4, ndf=64, ngf=64, num_epochs=1, nz=100, out_folder='.', seed=0)
Using seed: 0
Using GPU: False
Rank: 0. World Size: 1
Dataset cifar10 loaded
Rank: 0, Epoch: 0, Training ...
[epoch: 0/1][iteration: 0/1563][rank: 0] Loss_D: 1.4350, Loss_G: 4.1251, D(x): 0.5972, D(G(z)): 0.5917 / 0.0170, iteration time: 2.3578s
Iteration time: 2.357769250869751
[epoch: 0/1][iteration: 1/1563][rank: 0] Loss_D: 0.9857, Loss_G: 3.2470, D(x): 0.5625, D(G(z)): 0.3079 / 0.0403, iteration time: 2.0223s
Iteration time: 2.0222527980804443
[epoch: 0/1][iteration: 2/1563][rank: 0] Loss_D: 0.8035, Loss_G: 4.0381, D(x): 0.7350, D(G(z)): 0.3685 / 0.0182, iteration time: 2.0227s
Iteration time: 2.022650718688965
[epoch: 0/1][iteration: 3/1563][rank: 0] Loss_D: 0.7836, Loss_G: 4.3895, D(x): 0.6935, D(G(z)): 0.2887 / 0.0130, iteration time: 1.9994s
Iteration time: 1.999396562576294
[epoch: 0/1][iteration: 4/1563][rank: 0] Loss_D: 0.6505, Loss_G: 4.8869, D(x): 0.7590, D(G(z)): 0.2823 / 0.0080, iteration time: 1.9656s
Iteration time: 1.9656102657318115
[epoch: 0/1][iteration: 5/1563][rank: 0] Loss_D: 0.6557, Loss_G: 5.7667, D(x): 0.7741, D(G(z)): 0.3006 / 0.0033, iteration time: 1.9617s
Iteration time: 1.9616856575012207
[epoch: 0/1][iteration: 6/1563][rank: 0] Loss_D: 0.6317, Loss_G: 5.5243, D(x): 0.7085, D(G(z)): 0.2058 / 0.0044, iteration time: 1.9794s
Iteration time: 1.9793519973754883
[epoch: 0/1][iteration: 7/1563][rank: 0] Loss_D: 0.8119, Loss_G: 7.6943, D(x): 0.8683, D(G(z)): 0.4748 / 0.0005, iteration time: 1.9920s
Iteration time: 1.9920454025268555
[epoch: 0/1][iteration: 8/1563][rank: 0] Loss_D: 0.3599, Loss_G: 6.4198, D(x): 0.7756, D(G(z)): 0.0731 / 0.0018, iteration time: 2.0058s
Iteration time: 2.0057551860809326
[epoch: 0/1][iteration: 9/1563][rank: 0] Loss_D: 0.7594, Loss_G: 8.5087, D(x): 0.8329, D(G(z)): 0.4124 / 0.0002, iteration time: 1.9537s
Iteration time: 1.9536693096160889
[epoch: 0/1][iteration: 10/1563][rank: 0] Loss_D: 0.2208, Loss_G: 7.1502, D(x): 0.8410, D(G(z)): 0.0363 / 0.0009, iteration time: 1.9794s
Iteration time: 1.9793646335601807
[epoch: 0/1][iteration: 11/1563][rank: 0] Loss_D: 0.6208, Loss_G: 8.1918, D(x): 0.7816, D(G(z)): 0.2649 / 0.0003, iteration time: 1.9968s
Iteration time: 1.9968485832214355
[epoch: 0/1][iteration: 12/1563][rank: 0] Loss_D: 0.3045, Loss_G: 7.4110, D(x): 0.8418, D(G(z)): 0.0878 / 0.0007, iteration time: 1.9724s
Iteration time: 1.972412109375
[epoch: 0/1][iteration: 13/1563][rank: 0] Loss_D: 0.6891, Loss_G: 10.7339, D(x): 0.8733, D(G(z)): 0.3856 / 0.0000, iteration time: 1.9876s
Iteration time: 1.987586498260498
[epoch: 0/1][iteration: 14/1563][rank: 0] Loss_D: 0.2145, Loss_G: 9.5971, D(x): 0.8324, D(G(z)): 0.0025 / 0.0001, iteration time: 1.9690s
Iteration time: 1.969008207321167
[epoch: 0/1][iteration: 15/1563][rank: 0] Loss_D: 0.3965, Loss_G: 6.2522, D(x): 0.8008, D(G(z)): 0.0800 / 0.0020, iteration time: 1.9709s
Iteration time: 1.9708609580993652
[epoch: 0/1][iteration: 16/1563][rank: 0] Loss_D: 1.3436, Loss_G: 13.1681, D(x): 0.9324, D(G(z)): 0.7043 / 0.0000, iteration time: 1.9825s
Iteration time: 1.982454776763916
[epoch: 0/1][iteration: 17/1563][rank: 0] Loss_D: 0.1870, Loss_G: 13.7323, D(x): 0.8391, D(G(z)): 0.0000 / 0.0000, iteration time: 1.9672s
Iteration time: 1.9671571254730225
[epoch: 0/1][iteration: 18/1563][rank: 0] Loss_D: 0.2367, Loss_G: 12.0742, D(x): 0.8133, D(G(z)): 0.0000 / 0.0000, iteration time: 1.9666s
Iteration time: 1.9666099548339844
[epoch: 0/1][iteration: 19/1563][rank: 0] Loss_D: 0.1166, Loss_G: 7.0873, D(x): 0.9050, D(G(z)): 0.0013 / 0.0010, iteration time: 1.9624s
Iteration time: 1.9623568058013916
[epoch: 0/1][iteration: 20/1563][rank: 0] Loss_D: 1.6489, Loss_G: 12.7091, D(x): 0.9768, D(G(z)): 0.7866 / 0.0000, iteration time: 1.9901s
Iteration time: 1.9900743961334229
[rank: 0] Epoch 0 took: 42.7385 seconds
